Arguments: 
  D:\0.devEnv\nodeJs\node.exe C:\Users\HePengTao\AppData\Roaming\npm\node_modules\yarn\bin\yarn.js add vuepress-plugin-one-click-copy -D

PATH: 
  E:\01.vm\00.workstation\bin\;C:\Windows\system32;C:\Windows;C:\Windows\System32\Wbem;C:\Windows\System32\WindowsPowerShell\v1.0\;C:\Windows\System32\OpenSSH\;C:\Program Files (x86)\NVIDIA Corporation\PhysX\Common;C:\Program Files\NVIDIA Corporation\NVIDIA NvDLISR;C:\Program Files (x86)\Intel\Intel(R) Management Engine Components\DAL;C:\Program Files\Intel\Intel(R) Management Engine Components\DAL;C:\Program Files\Intel\WiFi\bin\;C:\Program Files\Common Files\Intel\WirelessCommon\;D:\0.devEnv\Java\jdk1.8.0_152\bin;D:\0.devEnv\Java\jdk1.8.0_152\jre\bin;D:\0.devTools\1.maven\maven\bin\;D:\mysql\mysql-8.0.19-winx64\bin\;D:\0.devTools\11.gitAndSourceTree\Git\cmd;C:\WINDOWS\system32;C:\WINDOWS;C:\WINDOWS\System32\Wbem;C:\WINDOWS\System32\WindowsPowerShell\v1.0\;C:\WINDOWS\System32\OpenSSH\;C:\Program Files\dotnet\;C:\Program Files\Docker\Docker\resources\bin;C:\ProgramData\DockerDesktop\version-bin;D:\0.devEnv\nodeJs\;C:\Users\HePengTao\AppData\Local\Microsoft\WindowsApps;D:\1software\bandizip\;D:\0.devTools\14.vscode\bin;D:\0.devTools\3.idea-2021.3.2\bin;C:\Users\HePengTao\AppData\Roaming\npm

Yarn version: 
  1.22.17

Node version: 
  16.14.0

Platform: 
  win32 x64

Trace: 
  Error: https://registry.npm.taobao.org/dayjs: tunneling socket could not be established, cause=connect ECONNREFUSED 127.0.0.1:31181
      at ClientRequest.onError (C:\Users\HePengTao\AppData\Roaming\npm\node_modules\yarn\lib\cli.js:152369:17)
      at Object.onceWrapper (node:events:640:26)
      at ClientRequest.emit (node:events:520:28)
      at Socket.socketErrorListener (node:_http_client:442:9)
      at Socket.emit (node:events:520:28)
      at emitErrorNT (node:internal/streams/destroy:157:8)
      at emitErrorCloseNT (node:internal/streams/destroy:122:3)
      at processTicksAndRejections (node:internal/process/task_queues:83:21)

npm manifest: 
  {
    "name": "theme-vdoing-blog",
    "version": "1.0.0",
    "scripts": {
      "dev": "vuepress dev docs",
      "build": "vuepress build docs",
      "deploy": "bash deploy.sh",
      "editFm": "node utils/editFrontmatter.js",
      "baiduPush": "node utils/baiduPush.js https://xugaoyi.com && bash baiduPush.sh",
      "publish": "cd ./vdoing && npm publish && cd .. && yarn updateTheme",
      "updateTheme": "yarn remove vuepress-theme-vdoing && rm -rf node_modules && yarn && yarn add vuepress-theme-vdoing -D"
    },
    "license": "MIT",
    "devDependencies": {
      "dayjs": "^1.9.7",
      "inquirer": "^7.1.0",
      "json2yaml": "^1.1.0",
      "vuepress": "1.9.5",
      "vuepress-plugin-baidu-autopush": "^1.0.1",
      "vuepress-plugin-baidu-tongji": "^1.0.1",
      "vuepress-plugin-comment": "^0.7.3",
      "vuepress-plugin-demo-block": "^0.7.2",
      "vuepress-plugin-fulltext-search": "^2.2.1",
      "vuepress-plugin-one-click-copy": "^1.0.2",
      "vuepress-plugin-thirdparty-search": "^1.0.2",
      "vuepress-plugin-zooming": "^1.1.7",
      "vuepress-theme-vdoing": "^1.9.5",
      "yamljs": "^0.3.0"
    }
  }

yarn manifest: 
  No manifest

Lockfile: 
  No lockfile
